110
56 68
62 56
63 66
30 58
10 73
91 40
75 37
64 78
46 66
36 62
36 71
61 45
65 49
21 48
75 26
93 77
93 88
41 24
25 13
2 19
31 34
95 9
59 61
44 73
50 51
29 50
23 57
16 45
86 31
73 64
28 22
21 26
15 22
7 26
39 29
52 28
45 25
57 20
64 23
94 30
95 43
95 53
83 57
82 65
89 75
49 9
30 4
5 40
92 97
2 5
74 84
66 89
57 83
77 94
73 96
46 91
1 51
87 0
4 66
18 96
26 91
50 62
54 56
48 68
44 61
54 74
43 66
41 53
40 74
33 70
69 68
31 49
25 46
19 50
25 38
15 37
33 28
36 21
9 44
10 33
64 81
76 56
49 43
50 30
63 32
55 17
87 53
11 20
68 20
59 12
65 9
72 13
80 24
39 86
28 80
85 84
41 10
97 35
85 11
75 2
82 5
16 83
25 81
13 65
49 93
46 98
37 2
21 0
14 1
7 96
