112
92 18
86 17
4 7
45 58
36 62
31 58
45 48
51 54
52 64
40 36
29 29
24 17
22 30
16 40
37 14
4 46
4 57
53 96
45 92
47 86
38 95
20 97
69 44
72 70
84 95
91 36
12 74
39 56
25 25
18 21
21 13
42 25
57 88
53 82
42 80
64 88
35 82
41 15
53 20
73 78
73 91
13 2
2 68
51 6
67 20
79 10
20 71
94 86
94 75
71 38
60 38
92 46
85 56
30 19
31 16
17 23
36 29
14 19
16 33
20 8
35 9
44 18
50 15
49 31
29 40
24 41
33 51
39 69
48 69
60 75
36 71
30 73
56 66
53 33
20 46
35 92
32 88
24 77
25 84
63 73
18 88
85 84
77 85
82 96
94 90
9 47
82 68
74 65
74 57
79 48
84 61
92 59
92 53
73 36
13 65
7 76
78 27
80 16
90 9
92 6
95 13
85 3
92 27
94 40
97 35
6 84
11 92
3 15
51 2
2 97
64 2
3 30
