109
21 36
5 36
60 55
72 16
35 37
24 45
31 29
44 27
36 51
31 57
69 56
70 25
62 32
76 92
66 84
67 74
63 78
53 77
47 86
38 77
36 10
47 2
18 2
16 11
24 31
36 24
55 84
56 90
18 26
14 42
78 81
70 66
80 74
56 25
63 25
13 49
6 47
45 95
56 39
57 45
48 52
88 76
89 81
49 65
38 69
34 82
34 75
22 79
78 36
75 44
9 80
16 73
18 90
64 6
77 3
80 13
87 4
4 25
3 8
93 52
97 65
90 28
44 83
45 75
38 87
41 64
68 32
66 43
73 25
76 23
70 14
33 30
43 35
35 42
46 45
37 23
51 57
46 22
62 61
58 94
41 96
43 12
31 16
86 16
23 52
18 54
12 52
79 39
87 86
93 77
69 94
6 61
3 40
81 94
86 94
83 3
87 9
93 9
96 0
94 21
83 65
85 48
90 39
91 63
3 72
4 80
0 67
11 4
59 2
