101
59 61
46 94
53 87
59 97
94 3
42 23
50 52
68 71
53 23
42 10
30 11
46 4
95 75
26 94
32 98
81 48
9 63
0 78
26 73
11 48
82 21
70 22
85 95
6 33
43 23
48 35
52 33
56 28
33 24
13 76
13 63
20 58
9 81
64 90
62 79
49 80
40 82
51 68
55 52
43 58
38 46
60 45
69 53
70 41
75 44
80 57
87 48
89 53
92 46
98 56
74 28
86 26
36 71
87 82
78 77
28 58
18 17
6 15
9 7
98 14
94 7
1 95
61 6
72 2
22 36
75 53
82 35
65 35
43 33
40 27
57 25
63 56
66 19
63 63
71 15
75 67
21 68
11 68
32 64
29 19
23 81
7 56
32 54
21 46
13 90
22 22
74 79
16 11
12 44
64 7
16 93
50 10
8 94
91 25
49 0
35 92
39 99
96 38
79 92
4 2
2 27
