107
77 57
85 62
89 80
96 82
5 19
54 49
81 5
91 5
42 65
46 37
78 68
87 54
78 10
70 9
83 21
37 33
64 46
56 16
48 13
24 51
19 60
18 73
45 81
9 88
88 63
49 26
57 36
76 47
64 10
77 21
89 18
76 33
76 40
52 3
64 59
53 58
38 23
26 30
32 21
31 23
36 13
27 35
37 6
14 24
15 41
5 30
10 67
8 77
90 90
86 88
96 95
34 74
44 72
34 83
48 83
73 85
3 95
2 50
11 4
44 24
45 11
29 17
75 59
67 49
64 53
70 57
61 59
72 70
54 66
49 54
51 45
33 42
66 15
62 23
64 26
73 23
63 5
76 3
91 72
79 78
88 85
15 34
38 84
51 79
45 90
50 91
39 93
42 94
55 95
60 87
87 1
98 60
62 93
12 54
31 61
29 63
17 15
18 11
9 80
13 86
4 86
1 73
7 96
96 52
29 98
94 25
2 7
