103
23 4
34 5
53 5
64 5
81 21
68 20
52 40
65 40
38 40
79 40
78 77
91 79
8 55
20 58
82 56
94 94
80 94
4 39
81 5
32 94
46 94
19 39
34 76
47 77
38 55
51 57
6 4
7 21
20 23
63 93
67 56
53 20
63 77
37 21
71 29
76 34
63 33
75 46
62 45
82 28
73 21
60 22
57 27
49 33
64 11
74 9
46 22
48 45
42 27
45 11
64 2
60 53
32 22
32 34
32 12
25 28
11 28
19 33
13 22
16 11
15 46
30 46
75 2
75 53
47 57
55 61
69 61
45 69
42 62
58 74
39 75
52 77
32 70
31 57
39 88
51 90
25 60
18 56
11 60
39 97
52 96
64 90
69 81
73 74
82 64
82 77
81 88
90 74
2 19
2 33
4 43
4 10
15 2
65 98
45 2
32 2
2 54
4 0
95 88
99 81
82 96
95 98
20 94
