113
89 65
49 87
40 93
59 91
28 64
64 68
2 56
56 83
48 78
76 67
66 60
5 46
17 12
5 10
19 82
17 73
98 21
62 19
72 13
35 44
68 41
40 6
45 16
33 22
42 25
48 31
83 90
67 77
74 75
39 85
49 98
36 80
26 88
60 30
71 26
63 56
58 62
62 50
53 55
48 66
46 55
48 45
39 67
61 6
22 19
10 54
20 62
79 10
3 33
2 22
76 46
97 67
25 38
98 14
96 85
70 68
70 56
74 61
76 64
62 78
67 81
80 77
81 57
85 61
53 88
44 79
36 73
31 75
23 75
37 63
53 96
43 53
60 43
89 72
84 82
92 78
41 42
37 33
53 32
64 37
61 26
54 21
58 13
29 35
28 25
35 14
62 98
18 85
28 93
16 93
10 21
22 47
96 89
89 89
83 94
21 54
7 59
85 18
78 22
28 4
53 1
45 2
98 23
5 80
80 37
93 34
89 44
98 37
97 47
3 73
2 40
9 1
4 90
